barcodescanner-master/zxing/sample/build/outputs/logs/manifest-merger-debug-report.txt
-- Merging decision tree log ---
manifest
ADDED from AndroidManifest.xml:3:1
	xmlns:android
		ADDED from AndroidManifest.xml:3:11
	package
		ADDED from AndroidManifest.xml:3:70
		INJECTED from AndroidManifest.xml:0:0
		INJECTED from AndroidManifest.xml:0:0
	android:versionName
		INJECTED from AndroidManifest.xml:0:0
		INJECTED from AndroidManifest.xml:0:0
	android:versionCode
		INJECTED from AndroidManifest.xml:0:0
		INJECTED from AndroidManifest.xml:0:0
uses-permission#android.permission.WRITE_EXTERNAL_STORAGE
ADDED from AndroidManifest.xml:4:5
	android:name
		ADDED from AndroidManifest.xml:4:22
uses-permission#android.permission.CAMERA
ADDED from AndroidManifest.xml:5:3
	android:name
		ADDED from AndroidManifest.xml:5:20
application
ADDED from AndroidManifest.xml:7:3
MERGED from me.dm7.barcodescanner:zxing:1.7:11:5
MERGED from me.dm7.barcodescanner:core:1.7:11:5
MERGED from com.android.support:support-v4:21.0.3:16:5
MERGED from com.android.support:support-v4:21.0.3:16:5
MERGED from com.android.support:appcompat-v7:21.0.3:16:5
MERGED from com.android.support:support-v4:21.0.3:16:5
	android:label
		ADDED from AndroidManifest.xml:8:9
	android:allowBackup
		ADDED from AndroidManifest.xml:7:16
	android:icon
		ADDED from AndroidManifest.xml:9:9
activity#me.dm7.barcodescanner.zxing.sample.MainActivity
ADDED from AndroidManifest.xml:10:9
	android:label
		ADDED from AndroidManifest.xml:12:19
	android:theme
		ADDED from AndroidManifest.xml:11:19
	android:name
		ADDED from AndroidManifest.xml:10:19
intent-filter#android.intent.action.MAIN+android.intent.category.LAUNCHER
ADDED from AndroidManifest.xml:13:13
action#android.intent.action.MAIN
ADDED from AndroidManifest.xml:14:17
	android:name
		ADDED from AndroidManifest.xml:14:25
category#android.intent.category.LAUNCHER
ADDED from AndroidManifest.xml:15:17
	android:name
		ADDED from AndroidManifest.xml:15:27
activity#me.dm7.barcodescanner.zxing.sample.ScannerActivity
ADDED from AndroidManifest.xml:19:9
	android:label
		ADDED from AndroidManifest.xml:22:19
	android:uiOptions
		ADDED from AndroidManifest.xml:21:19
	android:theme
		ADDED from AndroidManifest.xml:20:19
	android:name
		ADDED from AndroidManifest.xml:19:19
meta-data#android.support.UI_OPTIONS
ADDED from AndroidManifest.xml:23:13
	android:name
		ADDED from AndroidManifest.xml:23:24
	android:value
		ADDED from AndroidManifest.xml:24:24
activity#me.dm7.barcodescanner.zxing.sample.ScannerFragmentActivity
ADDED from AndroidManifest.xml:27:9
	android:label
		ADDED from AndroidManifest.xml:30:19
	android:uiOptions
		ADDED from AndroidManifest.xml:29:19
	android:theme
		ADDED from AndroidManifest.xml:28:19
	android:name
		ADDED from AndroidManifest.xml:27:19
activity#me.dm7.barcodescanner.zxing.sample.SimpleScannerActivity
ADDED from AndroidManifest.xml:35:9
	android:label
		ADDED from AndroidManifest.xml:37:17
	android:theme
		ADDED from AndroidManifest.xml:36:17
	android:name
		ADDED from AndroidManifest.xml:35:19
activity#me.dm7.barcodescanner.zxing.sample.SimpleScannerFragmentActivity
ADDED from AndroidManifest.xml:40:9
	android:label
		ADDED from AndroidManifest.xml:42:17
	android:theme
		ADDED from AndroidManifest.xml:41:17
	android:name
		ADDED from AndroidManifest.xml:40:19
uses-sdk
INJECTED from AndroidManifest.xml:0:0 reason: use-sdk injection requested
MERGED from me.dm7.barcodescanner:zxing:1.7:7:5
MERGED from me.dm7.barcodescanner:core:1.7:7:5
MERGED from com.android.support:support-v4:21.0.3:15:5
MERGED from com.android.support:support-v4:21.0.3:15:5
MERGED from com.android.support:appcompat-v7:21.0.3:15:5
MERGED from com.android.support:support-v4:21.0.3:15:5
	android:targetSdkVersion
		INJECTED from AndroidManifest.xml:0:0
		INJECTED from AndroidManifest.xml:0:0
	android:minSdkVersion
		INJECTED from AndroidManifest.xml:0:0
		INJECTED from AndroidManifest.xml:0:0